Determining if the pthread_create exist failed with the following output:
Change Dir: /home/calmcar/workspace/driver_ws/src/multi_lidar_calibrator/cmake-build-debug/CMakeFiles/CMakeTmp

Run Build Command:"/usr/bin/make" "cmTC_1f321/fast"
/usr/bin/make -f CMakeFiles/cmTC_1f321.dir/build.make CMakeFiles/cmTC_1f321.dir/build
make[1]: Entering directory '/home/calmcar/workspace/driver_ws/src/multi_lidar_calibrator/cmake-build-debug/CMakeFiles/CMakeTmp'
Building C object CMakeFiles/cmTC_1f321.dir/CheckSymbolExists.c.o
/usr/bin/cc    -o CMakeFiles/cmTC_1f321.dir/CheckSymbolExists.c.o   -c /home/calmcar/workspace/driver_ws/src/multi_lidar_calibrator/cmake-build-debug/CMakeFiles/CMakeTmp/CheckSymbolExists.c
Linking C executable cmTC_1f321
/home/calmcar/app/clion-2018.1/bin/cmake/bin/cmake -E cmake_link_script CMakeFiles/cmTC_1f321.dir/link.txt --verbose=1
/usr/bin/cc      -rdynamic CMakeFiles/cmTC_1f321.dir/CheckSymbolExists.c.o  -o cmTC_1f321 
CMakeFiles/cmTC_1f321.dir/CheckSymbolExists.c.o: In function `main':
CheckSymbolExists.c:(.text+0x16): undefined reference to `pthread_create'
collect2: error: ld returned 1 exit status
CMakeFiles/cmTC_1f321.dir/build.make:97: recipe for target 'cmTC_1f321' failed
make[1]: *** [cmTC_1f321] Error 1
make[1]: Leaving directory '/home/calmcar/workspace/driver_ws/src/multi_lidar_calibrator/cmake-build-debug/CMakeFiles/CMakeTmp'
Makefile:126: recipe for target 'cmTC_1f321/fast' failed
make: *** [cmTC_1f321/fast] Error 2

File /home/calmcar/workspace/driver_ws/src/multi_lidar_calibrator/cmake-build-debug/CMakeFiles/CMakeTmp/CheckSymbolExists.c:
/* */
#include <pthread.h>

int main(int argc, char** argv)
{
  (void)argv;
#ifndef pthread_create
  return ((int*)(&pthread_create))[argc];
#else
  (void)argc;
  return 0;
#endif
}

Determining if the function pthread_create exists in the pthreads failed with the following output:
Change Dir: /home/calmcar/workspace/driver_ws/src/multi_lidar_calibrator/cmake-build-debug/CMakeFiles/CMakeTmp

Run Build Command:"/usr/bin/make" "cmTC_74d6e/fast"
/usr/bin/make -f CMakeFiles/cmTC_74d6e.dir/build.make CMakeFiles/cmTC_74d6e.dir/build
make[1]: Entering directory '/home/calmcar/workspace/driver_ws/src/multi_lidar_calibrator/cmake-build-debug/CMakeFiles/CMakeTmp'
Building C object CMakeFiles/cmTC_74d6e.dir/CheckFunctionExists.c.o
/usr/bin/cc   -DCHECK_FUNCTION_EXISTS=pthread_create   -o CMakeFiles/cmTC_74d6e.dir/CheckFunctionExists.c.o   -c /home/calmcar/app/clion-2018.1/bin/cmake/share/cmake-3.10/Modules/CheckFunctionExists.c
Linking C executable cmTC_74d6e
/home/calmcar/app/clion-2018.1/bin/cmake/bin/cmake -E cmake_link_script CMakeFiles/cmTC_74d6e.dir/link.txt --verbose=1
/usr/bin/cc  -DCHECK_FUNCTION_EXISTS=pthread_create    -rdynamic CMakeFiles/cmTC_74d6e.dir/CheckFunctionExists.c.o  -o cmTC_74d6e -lpthreads 
/usr/bin/ld: cannot find -lpthreads
collect2: error: ld returned 1 exit status
CMakeFiles/cmTC_74d6e.dir/build.make:97: recipe for target 'cmTC_74d6e' failed
make[1]: *** [cmTC_74d6e] Error 1
make[1]: Leaving directory '/home/calmcar/workspace/driver_ws/src/multi_lidar_calibrator/cmake-build-debug/CMakeFiles/CMakeTmp'
Makefile:126: recipe for target 'cmTC_74d6e/fast' failed
make: *** [cmTC_74d6e/fast] Error 2


